<?xml version="1.0" encoding="UTF-8"?>
<!-- Generated by org.testng.reporters.JUnitXMLReporter -->
<testsuite ignored="0" hostname="WINDOWS-S3RGP8Q" failures="0" tests="8" name="Default test" time="49.719" errors="0" timestamp="10 Jun 2022 02:25:57 GMT">
  <testcase classname="com.amazon.tests.AmazonMenuTest" name="testHamburgerMenuClick" time="1.103"/>
  <testcase classname="com.amazon.tests.AmazonMenuTest" name="testTvApplMenuClick" time="3.421"/>
  <testcase classname="com.amazon.tests.AmazonMenuTest" name="testClickTvMenu" time="4.474"/>
  <testcase classname="com.amazon.tests.AmazonMenuTest" name="testSelectSamsungBrand" time="5.286"/>
  <testcase classname="com.amazon.tests.AmazonMenuTest" name="testSortByFilter" time="0.159"/>
  <testcase classname="com.amazon.tests.AmazonMenuTest" name="testSelectFilterOption" time="1.978"/>
  <testcase classname="com.amazon.tests.AmazonMenuTest" name="testSelect2ndTv" time="3.352"/>
  <testcase classname="com.amazon.tests.AmazonMenuTest" name="testValidateItem" time="5.728"/>
</testsuite> <!-- Default test -->
